<?xml version="1.0" encoding="UTF-8"?>
<!-- Generated by org.testng.reporters.JUnitXMLReporter -->
<testsuite ignored="0" hostname="TYSS-Akash-Deb" failures="0" tests="2" name="Default test" time="14.662" errors="0" timestamp="2023-12-08T11:01:50 IST">
  <testcase classname="webElement.textfield.RegisterUserAndLoginTest" name="registerUserAndVerify" time="3.748"/>
  <testcase classname="webElement.textfield.RegisterUserAndLoginTest" name="loginUserAndVerify" time="1.51"/>
</testsuite> <!-- Default test -->
